current directory: /Users/swethagannapureddy/rails-training/ruby/2.3.0/gems/puma-3.11.4/ext/puma_http11
/Users/swethagannapureddy/.rbenv/versions/2.3.7/bin/ruby -r ./siteconf20180713-45136-1fx6b07.rb extconf.rb
checking for BIO_read() in -lcrypto... yes
checking for SSL_CTX_new() in -lssl... yes
checking for openssl/bio.h... yes
creating Makefile

To see why this extension failed to compile, please check the mkmf.log which can be found here:

  /Users/swethagannapureddy/rails-training/ruby/2.3.0/extensions/x86_64-darwin-17/2.3.0-static/puma-3.11.4/mkmf.log

current directory: /Users/swethagannapureddy/rails-training/ruby/2.3.0/gems/puma-3.11.4/ext/puma_http11
make "DESTDIR=" clean

current directory: /Users/swethagannapureddy/rails-training/ruby/2.3.0/gems/puma-3.11.4/ext/puma_http11
make "DESTDIR="
compiling http11_parser.c
compiling io_buffer.c
compiling mini_ssl.c
compiling puma_http11.c
linking shared-object puma/puma_http11.bundle

current directory: /Users/swethagannapureddy/rails-training/ruby/2.3.0/gems/puma-3.11.4/ext/puma_http11
make "DESTDIR=" install
/usr/local/bin/ginstall -c -m 0755 puma_http11.bundle ./.gem.20180713-45136-zxg0hc/puma
